[ 25%] [32mBuilding CXX object CMakeFiles/wrench_publisher_sim.dir/src/wrench_publisher_sim.cpp.o[0m
[35m[1mScanning dependencies of target impedance_solver[0m
[ 50%] [32mBuilding CXX object CMakeFiles/impedance_solver.dir/src/impedance_solver.cpp.o[0m
[01m[K/home/mbrummelhuis/msc_thesis/catkin_ws/src/impedance/src/wrench_publisher_sim.cpp:[m[K In function â€˜[01m[Kint main(int, char**)[m[Kâ€™:
[01m[K/home/mbrummelhuis/msc_thesis/catkin_ws/src/impedance/src/wrench_publisher_sim.cpp:25:5:[m[K [01;31m[Kerror: [m[Kâ€˜[01m[Kfloat32[m[Kâ€™ was not declared in this scope; did you mean â€˜[01m[Kfloat_t[m[Kâ€™?
   25 |     [01;31m[Kfloat32[m[K[6] test_data = {1.,2.,3.,4.,5.,6.}
      |     [01;31m[K^~~~~~~[m[K
      |     [32m[Kfloat_t[m[K
[01m[K/home/mbrummelhuis/msc_thesis/catkin_ws/src/impedance/src/wrench_publisher_sim.cpp:26:16:[m[K [01;31m[Kerror: [m[Kâ€˜[01m[Ktest_data[m[Kâ€™ was not declared in this scope
   26 |     msg.data = [01;31m[Ktest_data[m[K;
      |                [01;31m[K^~~~~~~~~[m[K
In file included from [01m[K/opt/ros/noetic/include/ros/ros.h:40[m[K,
                 from [01m[K/home/mbrummelhuis/msc_thesis/catkin_ws/src/impedance/src/wrench_publisher_sim.cpp:1[m[K:
[01m[K/home/mbrummelhuis/msc_thesis/catkin_ws/src/impedance/src/wrench_publisher_sim.cpp:27:14:[m[K [01;35m[Kwarning: [m[Kformat â€˜[01m[K%f[m[Kâ€™ expects argument of type â€˜[01m[Kdouble[m[Kâ€™, but argument 8 has type â€˜[01m[Kstd_msgs::Float32MultiArray_<std::allocator<void> >::_data_type[m[Kâ€™ {aka â€˜[01m[Kstd::vector<float>[m[Kâ€™} [[01;35m[K-Wformat=[m[K]
   27 |     ROS_INFO([01;35m[K"%f"[m[K, msg.data);
      |              [01;35m[K^~~~[m[K
[01m[K/opt/ros/noetic/include/ros/console.h:351:165:[m[K [01;36m[Knote: [m[Kin definition of macro â€˜[01m[KROSCONSOLE_PRINT_AT_LOCATION_WITH_FILTER[m[Kâ€™
  351 |     ::ros::console::print(filter, __rosconsole_define_location__loc.logger_, __rosconsole_define_location__loc.level_, __FILE__, __LINE__, __ROSCONSOLE_FUNCTION__, [01;36m[K__VA_ARGS__[m[K)
      |                                                                                                                                                                     [01;36m[K^~~~~~~~~~~[m[K
[01m[K/opt/ros/noetic/include/ros/console.h:390:7:[m[K [01;36m[Knote: [m[Kin expansion of macro â€˜[01m[KROSCONSOLE_PRINT_AT_LOCATION[m[Kâ€™
  390 |       [01;36m[KROSCONSOLE_PRINT_AT_LOCATION[m[K(__VA_ARGS__); \
      |       [01;36m[K^~~~~~~~~~~~~~~~~~~~~~~~~~~~[m[K
[01m[K/opt/ros/noetic/include/ros/console.h:575:35:[m[K [01;36m[Knote: [m[Kin expansion of macro â€˜[01m[KROS_LOG_COND[m[Kâ€™
  575 | #define ROS_LOG(level, name, ...) [01;36m[KROS_LOG_COND[m[K(true, level, name, __VA_ARGS__)
      |                                   [01;36m[K^~~~~~~~~~~~[m[K
[01m[K/opt/ros/noetic/include/rosconsole/macros_generated.h:110:23:[m[K [01;36m[Knote: [m[Kin expansion of macro â€˜[01m[KROS_LOG[m[Kâ€™
  110 | #define ROS_INFO(...) [01;36m[KROS_LOG[m[K(::ros::console::levels::Info, ROSCONSOLE_DEFAULT_NAME, __VA_ARGS__)
      |                       [01;36m[K^~~~~~~[m[K
[01m[K/home/mbrummelhuis/msc_thesis/catkin_ws/src/impedance/src/wrench_publisher_sim.cpp:27:5:[m[K [01;36m[Knote: [m[Kin expansion of macro â€˜[01m[KROS_INFO[m[Kâ€™
   27 |     [01;36m[KROS_INFO[m[K("%f", msg.data);
      |     [01;36m[K^~~~~~~~[m[K
[01m[K/home/mbrummelhuis/msc_thesis/catkin_ws/src/impedance/src/wrench_publisher_sim.cpp:27:16:[m[K [01;36m[Knote: [m[Kformat string is defined here
   27 |     ROS_INFO("[01;36m[K%f[m[K", msg.data);
      |               [01;36m[K~^[m[K
      |                [01;36m[K|[m[K
      |                [01;36m[Kdouble[m[K
make[2]: *** [CMakeFiles/wrench_publisher_sim.dir/build.make:63: CMakeFiles/wrench_publisher_sim.dir/src/wrench_publisher_sim.cpp.o] Error 1
make[1]: *** [CMakeFiles/Makefile2:157: CMakeFiles/wrench_publisher_sim.dir/all] Error 2
make[1]: *** Waiting for unfinished jobs....
[ 75%] [32m[1mLinking CXX executable /home/mbrummelhuis/msc_thesis/catkin_ws/devel/.private/impedance/lib/impedance/impedance_solver[0m
[ 75%] Built target impedance_solver
make: *** [Makefile:141: all] Error 2
